{
  "RSpec": {
    "coverage": {
      "/Users/Justin/Turing/Module2/dinner_dash/spec/controllers/charges_controller_spec.rb": [
        1,
        null,
        1,
        null,
        null
      ],
      "/Users/Justin/Turing/Module2/dinner_dash/spec/rails_helper.rb": [
        null,
        1,
        1,
        1,
        1,
        null,
        null,
        null,
        null,
        null,
        null,
        null,
        null,
        null,
        null,
        null,
        null,
        null,
        null,
        null,
        null,
        null,
        null,
        null,
        1,
        null,
        1,
        null,
        1,
        null,
        null,
        null,
        null,
        1,
        null,
        null,
        null,
        null,
        null,
        null,
        null,
        null,
        null,
        null,
        null,
        null,
        null,
        null,
        1,
        null
      ],
      "/Users/Justin/Turing/Module2/dinner_dash/config/environment.rb": [
        null,
        1,
        null,
        null,
        1
      ],
      "/Users/Justin/Turing/Module2/dinner_dash/config/application.rb": [
        1,
        null,
        1,
        null,
        1,
        1,
        1,
        1,
        1,
        1,
        null,
        null,
        null,
        null,
        null,
        1,
        null,
        1,
        1,
        null,
        null,
        null,
        null,
        null,
        null,
        null,
        null,
        null,
        null,
        null,
        null,
        null,
        1,
        null,
        null
      ],
      "/Users/Justin/Turing/Module2/dinner_dash/config/boot.rb": [
        1,
        null,
        1
      ],
      "/Users/Justin/Turing/Module2/dinner_dash/config/environments/test.rb": [
        1,
        null,
        null,
        null,
        null,
        null,
        null,
        1,
        null,
        null,
        null,
        null,
        1,
        null,
        null,
        1,
        1,
        null,
        null,
        1,
        1,
        null,
        null,
        1,
        null,
        null,
        1,
        null,
        null,
        null,
        null,
        1,
        null,
        null,
        1,
        null,
        null,
        1,
        null,
        null,
        null,
        null
      ],
      "/Users/Justin/Turing/Module2/dinner_dash/config/initializers/backtrace_silencers.rb": [
        null,
        null,
        null,
        null,
        null,
        null,
        null
      ],
      "/Users/Justin/Turing/Module2/dinner_dash/config/initializers/cookies_serializer.rb": [
        null,
        null,
        1
      ],
      "/Users/Justin/Turing/Module2/dinner_dash/config/initializers/filter_parameter_logging.rb": [
        null,
        null,
        null,
        1
      ],
      "/Users/Justin/Turing/Module2/dinner_dash/config/initializers/inflections.rb": [
        null,
        null,
        null,
        null,
        null,
        null,
        null,
        null,
        null,
        null,
        null,
        null,
        null,
        null,
        null,
        null
      ],
      "/Users/Justin/Turing/Module2/dinner_dash/config/initializers/mime_types.rb": [
        null,
        null,
        null,
        null
      ],
      "/Users/Justin/Turing/Module2/dinner_dash/config/initializers/paperclip.rb": [
        1,
        1,
        1
      ],
      "/Users/Justin/Turing/Module2/dinner_dash/config/initializers/session_store.rb": [
        null,
        null,
        1
      ],
      "/Users/Justin/Turing/Module2/dinner_dash/config/initializers/stripe.rb": [
        1,
        null,
        null,
        null,
        null,
        1
      ],
      "/Users/Justin/Turing/Module2/dinner_dash/config/initializers/wrap_parameters.rb": [
        null,
        null,
        null,
        null,
        null,
        null,
        1,
        1,
        null,
        null,
        null,
        null,
        null,
        null
      ],
      "/Users/Justin/Turing/Module2/dinner_dash/config/routes.rb": [
        1,
        1,
        1,
        1,
        1,
        1,
        1,
        null,
        1,
        1,
        1,
        1,
        1,
        null,
        null,
        1,
        null,
        1,
        1,
        1,
        1,
        1,
        null
      ],
      "/Users/Justin/Turing/Module2/dinner_dash/app/helpers/application_helper.rb": [
        1,
        1,
        11,
        null,
        null,
        1,
        70,
        null,
        null,
        1,
        68,
        null,
        null,
        1,
        0,
        null,
        null
      ],
      "/Users/Justin/Turing/Module2/dinner_dash/app/helpers/charges_helper.rb": [
        1,
        null
      ],
      "/Users/Justin/Turing/Module2/dinner_dash/app/controllers/charges_controller.rb": [
        1,
        1,
        null,
        null,
        1,
        0,
        0,
        null,
        0,
        null,
        null,
        null,
        null,
        0,
        null,
        null,
        null,
        null,
        null,
        null,
        0,
        0,
        null,
        null,
        null,
        0,
        0,
        null,
        null
      ],
      "/Users/Justin/Turing/Module2/dinner_dash/app/controllers/application_controller.rb": [
        1,
        1,
        1,
        1,
        null,
        1,
        251,
        null,
        null,
        1,
        43,
        null,
        null,
        1,
        241,
        null,
        null,
        1,
        0,
        null,
        null,
        1,
        933,
        null,
        null,
        1,
        371,
        null,
        null,
        null
      ],
      "/Users/Justin/Turing/Module2/dinner_dash/spec/features/admin_order_view_spec.rb": [
        1,
        null,
        1,
        2,
        null,
        null,
        null,
        2,
        2,
        2,
        1,
        1,
        1,
        null,
        1,
        1,
        1,
        1,
        1,
        1,
        1,
        1,
        1,
        1,
        1,
        1,
        1,
        1,
        1,
        1,
        1,
        1,
        1,
        1,
        1,
        null,
        null,
        1,
        1,
        1,
        1,
        1,
        1,
        1,
        1,
        1,
        1,
        1,
        1,
        1,
        1,
        null,
        null
      ],
      "/Users/Justin/Turing/Module2/dinner_dash/spec/features/admin_spec.rb": [
        1,
        null,
        1,
        null,
        7,
        null,
        null,
        null,
        7,
        7,
        7,
        6,
        6,
        6,
        null,
        1,
        6,
        null,
        null,
        1,
        6,
        6,
        6,
        6,
        6,
        6,
        6,
        6,
        null,
        null,
        1,
        1,
        null,
        null,
        1,
        1,
        1,
        1,
        1,
        1,
        1,
        1,
        1,
        1,
        1,
        null,
        1,
        1,
        1,
        1,
        1,
        null,
        null,
        1,
        1,
        1,
        1,
        1,
        1,
        1,
        1,
        1,
        1,
        1,
        null,
        1,
        1,
        1,
        1,
        null,
        null,
        1,
        1,
        1,
        1,
        1,
        1,
        null,
        1,
        1,
        null,
        null,
        1,
        1,
        1,
        1,
        1,
        1,
        1,
        null,
        1,
        1,
        1,
        null,
        null,
        1,
        1,
        1,
        1,
        1,
        1,
        1,
        1,
        1,
        null,
        1,
        1,
        1,
        1,
        1,
        1,
        1,
        null,
        null,
        null
      ],
      "/Users/Justin/Turing/Module2/dinner_dash/spec/features/email_cannot_be_duplicated_spec.rb": [
        1,
        null,
        1,
        1,
        1,
        1,
        1,
        1,
        1,
        1,
        1,
        null,
        null,
        1,
        1,
        1,
        1,
        1,
        1,
        1,
        1,
        null,
        null,
        1,
        1,
        null,
        1,
        1,
        null,
        1,
        1,
        1,
        null,
        1,
        null,
        null
      ],
      "/Users/Justin/Turing/Module2/dinner_dash/spec/features/ua_user_add_items_to_cart_spec.rb": [
        1,
        null,
        1,
        3,
        2,
        2,
        2,
        3,
        2,
        2,
        2,
        3,
        3,
        2,
        null,
        1,
        2,
        2,
        2,
        null,
        null,
        1,
        2,
        null,
        null,
        1,
        1,
        1,
        1,
        1,
        1,
        null,
        1,
        1,
        null,
        1,
        1,
        null,
        1,
        1,
        null,
        1,
        null,
        null,
        1,
        1,
        1,
        null,
        1,
        1,
        null,
        1,
        1,
        1,
        null,
        1,
        1,
        1,
        1,
        1,
        1,
        null,
        null
      ],
      "/Users/Justin/Turing/Module2/dinner_dash/spec/features/ua_user_browse_items_spec.rb": [
        1,
        null,
        1,
        3,
        3,
        3,
        2,
        2,
        2,
        3,
        2,
        2,
        2,
        null,
        1,
        2,
        null,
        null,
        1,
        2,
        2,
        2,
        null,
        null,
        null,
        1,
        1,
        1,
        1,
        null,
        1,
        1,
        1,
        null,
        null,
        1,
        1,
        1,
        1,
        1,
        1,
        null,
        1,
        1,
        1,
        null,
        null
      ],
      "/Users/Justin/Turing/Module2/dinner_dash/spec/features/ua_user_cannot_access_admin_pages_spec.rb": [
        1,
        null,
        1,
        null,
        1,
        1,
        1,
        null,
        1,
        1,
        null,
        null,
        1,
        1,
        1,
        null,
        1,
        1,
        null,
        null,
        1,
        1,
        1,
        null,
        1,
        1,
        null,
        null,
        1,
        1,
        1,
        null,
        1,
        1,
        null,
        null,
        null
      ],
      "/Users/Justin/Turing/Module2/dinner_dash/spec/features/ua_user_cannot_access_other_user_data_spec.rb": [
        1,
        null,
        1,
        null,
        1,
        1,
        1,
        null,
        1,
        1,
        null,
        null
      ],
      "/Users/Justin/Turing/Module2/dinner_dash/spec/features/ua_user_redirected_to_login_spec.rb": [
        1,
        null,
        1,
        null,
        1,
        1,
        1,
        1,
        null,
        1,
        1,
        null,
        null
      ],
      "/Users/Justin/Turing/Module2/dinner_dash/spec/features/ua_user_remove_items_from_cart_spec.rb": [
        1,
        null,
        1,
        2,
        1,
        1,
        1,
        2,
        1,
        1,
        1,
        2,
        2,
        null,
        1,
        1,
        1,
        1,
        null,
        null,
        1,
        1,
        null,
        null,
        1,
        1,
        null,
        1,
        1,
        1,
        1,
        null,
        1,
        1,
        null,
        1,
        1,
        null,
        1,
        1,
        null,
        1,
        null,
        1,
        null,
        1,
        1,
        null,
        null,
        1,
        null,
        null,
        null
      ],
      "/Users/Justin/Turing/Module2/dinner_dash/spec/features/ua_user_update_cart_spec.rb": [
        1,
        null,
        1,
        2,
        1,
        1,
        1,
        2,
        1,
        1,
        1,
        2,
        2,
        null,
        1,
        1,
        1,
        1,
        null,
        null,
        1,
        1,
        null,
        null,
        1,
        null,
        1,
        1,
        1,
        1,
        1,
        null,
        1,
        1,
        null,
        1,
        null,
        null,
        1,
        null,
        1,
        1,
        null,
        null,
        1,
        1,
        null,
        null,
        1,
        1,
        null,
        null,
        1,
        null,
        null
      ],
      "/Users/Justin/Turing/Module2/dinner_dash/spec/features/ua_user_view_cart_spec.rb": [
        1,
        null,
        1,
        2,
        1,
        1,
        1,
        2,
        1,
        1,
        1,
        2,
        2,
        null,
        1,
        1,
        1,
        1,
        null,
        null,
        1,
        1,
        null,
        null,
        1,
        1,
        null,
        1,
        1,
        1,
        null,
        null
      ],
      "/Users/Justin/Turing/Module2/dinner_dash/spec/features/ua_user_view_item_show_page_spec.rb": [
        1,
        null,
        1,
        2,
        1,
        1,
        1,
        2,
        1,
        1,
        1,
        2,
        2,
        null,
        1,
        1,
        1,
        1,
        null,
        null,
        1,
        1,
        null,
        null,
        1,
        1,
        1,
        1,
        1,
        null,
        1,
        1,
        1,
        1,
        1,
        1,
        1,
        null,
        null
      ],
      "/Users/Justin/Turing/Module2/dinner_dash/spec/features/ua_user_view_items_from_home_page_spec.rb": [
        1,
        null,
        1,
        5,
        4,
        4,
        4,
        5,
        4,
        4,
        4,
        5,
        5,
        null,
        1,
        4,
        4,
        4,
        null,
        null,
        1,
        4,
        null,
        null,
        1,
        1,
        null,
        1,
        1,
        1,
        1,
        null,
        1,
        1,
        1,
        null,
        null,
        1,
        1,
        null,
        1,
        1,
        1,
        1,
        null,
        1,
        1,
        1,
        null,
        null,
        1,
        1,
        1,
        1,
        null,
        null,
        1,
        1,
        1,
        1,
        null,
        1,
        1,
        null,
        1,
        1,
        null,
        1,
        1,
        1,
        null,
        null,
        null
      ],
      "/Users/Justin/Turing/Module2/dinner_dash/spec/features/user_account_creation_spec.rb": [
        1,
        null,
        1,
        1,
        8,
        8,
        8,
        8,
        8,
        8,
        8,
        null,
        null,
        1,
        9,
        9,
        null,
        null,
        1,
        null,
        1,
        1,
        1,
        1,
        1,
        1,
        1,
        1,
        null,
        null,
        1,
        null,
        1,
        null,
        1,
        1,
        null,
        1,
        null,
        null,
        1,
        null,
        1,
        null,
        1,
        1,
        1,
        null,
        1,
        null,
        null,
        1,
        1,
        null,
        1,
        1,
        null,
        1,
        null,
        1,
        null,
        null,
        1,
        1,
        null,
        1,
        1,
        1,
        null,
        1,
        null,
        null,
        1,
        1,
        null,
        1,
        1,
        null,
        1,
        null,
        1,
        null,
        null,
        1,
        1,
        null,
        1,
        1,
        1,
        null,
        1,
        null,
        null,
        1,
        1,
        null,
        1,
        1,
        1,
        null,
        1,
        null,
        null,
        1,
        1,
        null,
        1,
        1,
        1,
        null,
        1,
        null,
        null
      ],
      "/Users/Justin/Turing/Module2/dinner_dash/spec/features/user_can_add_items_to_cart_spec.rb": [
        1,
        null,
        1,
        2,
        1,
        1,
        1,
        2,
        1,
        1,
        1,
        2,
        2,
        null,
        2,
        null,
        1,
        1,
        1,
        1,
        1,
        null,
        null,
        1,
        1,
        1,
        1,
        1,
        1,
        null,
        1,
        1,
        null,
        1,
        1,
        null,
        1,
        1,
        null,
        1,
        null,
        null
      ],
      "/Users/Justin/Turing/Module2/dinner_dash/spec/features/user_can_logout_spec.rb": [
        1,
        null,
        1,
        2,
        null,
        1,
        1,
        1,
        1,
        1,
        1,
        1,
        null,
        1,
        1,
        1,
        null,
        null,
        null
      ],
      "/Users/Justin/Turing/Module2/dinner_dash/spec/features/user_can_remove_items_from_cart_spec.rb": [
        1,
        null,
        1,
        2,
        1,
        1,
        1,
        2,
        1,
        1,
        1,
        2,
        2,
        null,
        2,
        null,
        1,
        1,
        1,
        1,
        1,
        null,
        null,
        1,
        1,
        null,
        1,
        1,
        1,
        1,
        null,
        1,
        1,
        null,
        1,
        1,
        null,
        1,
        1,
        null,
        1,
        null,
        1,
        null,
        1,
        1,
        null,
        null,
        1,
        null,
        null,
        null,
        null
      ],
      "/Users/Justin/Turing/Module2/dinner_dash/spec/features/user_can_view_items_in_cart_spec.rb": [
        1,
        null,
        1,
        2,
        1,
        1,
        1,
        2,
        1,
        1,
        1,
        2,
        2,
        null,
        2,
        null,
        1,
        1,
        1,
        1,
        1,
        null,
        null,
        1,
        1,
        1,
        1,
        1,
        null,
        1,
        1,
        1,
        null,
        null,
        null,
        null,
        null
      ],
      "/Users/Justin/Turing/Module2/dinner_dash/spec/features/user_cannot_access_other_user_info_spec.rb": [
        1,
        null,
        1,
        2,
        2,
        1,
        1,
        null,
        1,
        1,
        null,
        null,
        1,
        1,
        null,
        null,
        1,
        1,
        1,
        1,
        null,
        null,
        null
      ],
      "/Users/Justin/Turing/Module2/dinner_dash/spec/features/user_cannot_log_in_spec.rb": [
        1,
        null,
        1,
        2,
        null,
        1,
        1,
        1,
        null,
        null,
        1,
        1,
        null,
        null
      ],
      "/Users/Justin/Turing/Module2/dinner_dash/spec/features/user_cannot_view_admin_pages_spec.rb": [
        1,
        null,
        1,
        3,
        2,
        null,
        1,
        2,
        null,
        null,
        1,
        1,
        1,
        null,
        null,
        1,
        1,
        1,
        null,
        null
      ],
      "/Users/Justin/Turing/Module2/dinner_dash/spec/features/user_login_spec.rb": [
        1,
        null,
        1,
        2,
        null,
        1,
        1,
        1,
        1,
        1,
        1,
        null,
        1,
        1,
        null,
        null
      ],
      "/Users/Justin/Turing/Module2/dinner_dash/spec/features/user_logout_spec.rb": [
        1,
        null,
        1,
        2,
        null,
        1,
        1,
        1,
        1,
        1,
        1,
        1,
        null,
        1,
        null,
        null
      ],
      "/Users/Justin/Turing/Module2/dinner_dash/spec/features/user_past_order_view_spec.rb": [
        1,
        null,
        1,
        3,
        3,
        3,
        2,
        2,
        2,
        null,
        1,
        2,
        2,
        2,
        null,
        2,
        2,
        2,
        2,
        2,
        2,
        2,
        2,
        2,
        2,
        2,
        null,
        null,
        1,
        1,
        0,
        0,
        0,
        null,
        null,
        null,
        1,
        1,
        1,
        1,
        1,
        1,
        1,
        1,
        null,
        1,
        1,
        1,
        null,
        null
      ],
      "/Users/Justin/Turing/Module2/dinner_dash/spec/features/username_cannot_be_duplicated_spec.rb": [
        null,
        1,
        null,
        1,
        1,
        1,
        1,
        1,
        1,
        1,
        1,
        1,
        null,
        null,
        1,
        1,
        1,
        1,
        1,
        1,
        1,
        1,
        null,
        null,
        1,
        1,
        null,
        1,
        1,
        null,
        1,
        1,
        1,
        null,
        1,
        null,
        null,
        null
      ],
      "/Users/Justin/Turing/Module2/dinner_dash/spec/models/category_spec.rb": [
        1,
        null,
        1,
        3,
        null,
        1,
        1,
        null,
        null,
        1,
        1,
        1,
        null,
        null
      ],
      "/Users/Justin/Turing/Module2/dinner_dash/app/models/category.rb": [
        1,
        1,
        1,
        1,
        null
      ],
      "/Users/Justin/Turing/Module2/dinner_dash/spec/models/item_category_spec.rb": [
        1,
        null,
        1,
        3,
        2,
        2,
        2,
        3,
        3,
        null,
        1,
        1,
        null,
        null,
        1,
        1,
        null,
        null
      ],
      "/Users/Justin/Turing/Module2/dinner_dash/app/models/item_category.rb": [
        1,
        1,
        1,
        null
      ],
      "/Users/Justin/Turing/Module2/dinner_dash/spec/models/item_spec.rb": [
        1,
        null,
        1,
        11,
        10,
        10,
        10,
        11,
        10,
        10,
        10,
        11,
        11,
        null,
        1,
        10,
        10,
        10,
        10,
        null,
        null,
        1,
        1,
        null,
        null,
        1,
        1,
        1,
        null,
        null,
        1,
        1,
        1,
        null,
        null,
        1,
        1,
        1,
        null,
        null,
        1,
        1,
        1,
        null,
        1,
        1,
        null,
        null,
        1,
        1,
        1,
        null,
        null,
        1,
        1,
        1,
        null,
        null,
        1,
        1,
        1,
        null,
        null,
        1,
        1,
        1,
        null,
        null,
        1,
        1,
        null,
        1,
        1,
        null,
        1,
        null,
        null
      ],
      "/Users/Justin/Turing/Module2/dinner_dash/app/models/item.rb": [
        1,
        1,
        null,
        1,
        1,
        null,
        1,
        null,
        1,
        1,
        1,
        1,
        null,
        1,
        1,
        null,
        null,
        1,
        null,
        225,
        null,
        1,
        2,
        2,
        null,
        2,
        2,
        2,
        null,
        null,
        2,
        null,
        null,
        1,
        3,
        5,
        null,
        null,
        null,
        null,
        1,
        38,
        null,
        null,
        1,
        null,
        1,
        83,
        null,
        null
      ],
      "/Users/Justin/Turing/Module2/dinner_dash/spec/models/order_item_spec.rb": [
        1,
        null,
        1,
        6,
        5,
        5,
        5,
        6,
        6,
        6,
        null,
        1,
        1,
        null,
        null,
        1,
        1,
        1,
        null,
        null,
        1,
        1,
        1,
        null,
        null,
        1,
        1,
        null,
        null,
        1,
        1,
        null,
        null
      ],
      "/Users/Justin/Turing/Module2/dinner_dash/app/models/order_item.rb": [
        1,
        1,
        null,
        null,
        1,
        1,
        null,
        1,
        59,
        null,
        null,
        null
      ],
      "/Users/Justin/Turing/Module2/dinner_dash/spec/models/order_spec.rb": [
        1,
        null,
        1,
        4,
        4,
        3,
        3,
        3,
        4,
        4,
        4,
        3,
        3,
        3,
        null,
        1,
        1,
        null,
        null,
        1,
        1,
        1,
        null,
        null,
        1,
        1,
        null,
        null
      ],
      "/Users/Justin/Turing/Module2/dinner_dash/app/models/order.rb": [
        1,
        1,
        1,
        1,
        1,
        null,
        1,
        1,
        1,
        null,
        1,
        null,
        1,
        1,
        1,
        1,
        1,
        null,
        1,
        1,
        null,
        null,
        1,
        1,
        null,
        null,
        1,
        1,
        null,
        null,
        null,
        1,
        23,
        19,
        null,
        null,
        null,
        1,
        42,
        null,
        null,
        1,
        6,
        null,
        null,
        1,
        1,
        null,
        1,
        null,
        0,
        null,
        0,
        null,
        null,
        null,
        1,
        6,
        null,
        null,
        1,
        null,
        1,
        16,
        null,
        null
      ],
      "/Users/Justin/Turing/Module2/dinner_dash/spec/models/user_spec.rb": [
        1,
        null,
        1,
        9,
        null,
        1,
        1,
        null,
        null,
        1,
        1,
        1,
        null,
        null,
        1,
        1,
        1,
        null,
        null,
        1,
        1,
        1,
        null,
        null,
        1,
        1,
        1,
        null,
        null,
        1,
        1,
        1,
        null,
        null,
        1,
        1,
        1,
        null,
        null,
        null,
        null,
        1,
        1,
        1,
        null,
        null
      ],
      "/Users/Justin/Turing/Module2/dinner_dash/app/models/user.rb": [
        1,
        1,
        1,
        null,
        1,
        null,
        null,
        1,
        1,
        null,
        null,
        1,
        null,
        1,
        1,
        null,
        1,
        null,
        1,
        28,
        null,
        null,
        1,
        10,
        null,
        null
      ],
      "/Users/Justin/Turing/Module2/dinner_dash/spec/fabricators/category_fabricator.rb": [
        1,
        2,
        null
      ],
      "/Users/Justin/Turing/Module2/dinner_dash/spec/fabricators/item_fabricator.rb": [
        1,
        2,
        2,
        2,
        null
      ],
      "/Users/Justin/Turing/Module2/dinner_dash/spec/fabricators/user_fabricator.rb": [
        1,
        2,
        2,
        2,
        2,
        2,
        2,
        null
      ],
      "/Users/Justin/Turing/Module2/dinner_dash/app/controllers/welcome_controller.rb": [
        1,
        1,
        null,
        1,
        null,
        null
      ],
      "/Users/Justin/Turing/Module2/dinner_dash/app/models/cart.rb": [
        1,
        1,
        null,
        1,
        254,
        null,
        null,
        1,
        15,
        15,
        15,
        null,
        null,
        null,
        1,
        15,
        null,
        null,
        1,
        1,
        1,
        null,
        null,
        null,
        1,
        2,
        null,
        null,
        1,
        5,
        null,
        null,
        1,
        31,
        null,
        null
      ],
      "/Users/Justin/Turing/Module2/dinner_dash/app/controllers/sessions_controller.rb": [
        1,
        1,
        null,
        1,
        16,
        16,
        null,
        null,
        1,
        13,
        13,
        13,
        13,
        null,
        0,
        0,
        null,
        null,
        null,
        1,
        3,
        3,
        null,
        null
      ],
      "/Users/Justin/Turing/Module2/dinner_dash/app/controllers/items_controller.rb": [
        1,
        1,
        1,
        null,
        1,
        40,
        null,
        null,
        1,
        null,
        null,
        1,
        null,
        1,
        17,
        null,
        null
      ],
      "/Users/Justin/Turing/Module2/dinner_dash/app/controllers/cart_items_controller.rb": [
        1,
        1,
        1,
        1,
        null,
        1,
        15,
        15,
        15,
        15,
        null,
        null,
        1,
        1,
        1,
        1,
        null,
        null,
        1,
        2,
        2,
        2,
        null,
        null,
        1,
        null,
        1,
        18,
        null,
        null
      ],
      "/Users/Justin/Turing/Module2/dinner_dash/app/controllers/orders_controller.rb": [
        1,
        1,
        null,
        1,
        15,
        15,
        null,
        null,
        1,
        5,
        5,
        5,
        null,
        5,
        5,
        5,
        null,
        0,
        0,
        null,
        null,
        null
      ],
      "/Users/Justin/Turing/Module2/dinner_dash/app/controllers/users_controller.rb": [
        1,
        1,
        1,
        null,
        1,
        13,
        null,
        null,
        1,
        12,
        12,
        4,
        4,
        null,
        8,
        8,
        null,
        null,
        null,
        1,
        null,
        null,
        1,
        0,
        0,
        null,
        0,
        0,
        null,
        null,
        null,
        1,
        null,
        1,
        10,
        null,
        null,
        1,
        12,
        null,
        null,
        null,
        null,
        null,
        null,
        null,
        null,
        null,
        null
      ],
      "/Users/Justin/Turing/Module2/dinner_dash/app/controllers/admin/users_controller.rb": [
        1,
        1,
        null,
        1,
        14,
        14,
        null,
        null,
        1,
        0,
        0,
        null,
        0,
        null,
        null,
        null,
        1,
        null,
        1,
        14,
        null,
        null,
        1,
        0,
        null,
        null,
        null,
        null,
        null,
        null,
        null,
        null,
        null,
        null
      ],
      "/Users/Justin/Turing/Module2/dinner_dash/app/controllers/admin/base_controller.rb": [
        1,
        1,
        null,
        1,
        null,
        1,
        36,
        null,
        null
      ],
      "/Users/Justin/Turing/Module2/dinner_dash/app/controllers/admin/orders_controller.rb": [
        1,
        null,
        1,
        1,
        1,
        1,
        null,
        0,
        null,
        null,
        null,
        1,
        null,
        1,
        1,
        null,
        null
      ],
      "/Users/Justin/Turing/Module2/dinner_dash/app/controllers/admin/items_controller.rb": [
        1,
        1,
        1,
        null,
        1,
        5,
        null,
        null,
        1,
        2,
        2,
        1,
        null,
        1,
        null,
        null,
        null,
        1,
        null,
        null,
        1,
        2,
        2,
        2,
        null,
        0,
        0,
        null,
        null,
        null,
        1,
        null,
        1,
        6,
        null,
        null,
        1,
        7,
        null,
        null
      ],
      "/Users/Justin/Turing/Module2/dinner_dash/app/controllers/admin/categories_controller.rb": [
        1,
        1,
        null,
        1,
        1,
        null,
        1,
        1,
        null,
        0,
        0,
        null,
        null,
        null,
        1,
        1,
        null,
        null,
        1,
        null,
        1,
        1,
        null,
        null
      ],
      "/Users/Justin/Turing/Module2/dinner_dash/app/controllers/categories_controller.rb": [
        1,
        1,
        null,
        1,
        3,
        null,
        null
      ]
    },
    "timestamp": 1435176940
  }
}
